;; Hi-lock: (("(4, 7)" (0 (quote gray-4-my-face) prepend)))
;; Hi-lock: (("(1, 1)" (0 (quote 11-my-face) prepend)))
;; Hi-lock: (("(2, 1)" (0 (quote 10-my-face) prepend)))
;; Hi-lock: (("(3, 1)" (0 (quote 9-my-face) prepend)))
;; Hi-lock: (("(3, 2)" (0 (quote 8-my-face) prepend)))
;; Hi-lock: (("(3, 3)" (0 (quote 7-my-face) prepend)))
;; Hi-lock: (("(3, 4)" (0 (quote 6-my-face) prepend)))
;; Hi-lock: (("(4, 4)" (0 (quote 5-my-face) prepend)))
;; Hi-lock: (("(5, 4)" (0 (quote 4-my-face) prepend)))
;; Hi-lock: (("(5, 5)" (0 (quote 3-my-face) prepend)))
;; Hi-lock: (("(5, 6)" (0 (quote 2-my-face) prepend)))
;; Hi-lock: (("(4, 6)" (0 (quote 1-my-face) prepend)))

[{'from': (1, 1), 'to': (1, 2)},
 {'from': (1, 1), 'to': (2, 1)},
 {'from': (1, 2), 'to': (1, 3)},
 {'from': (2, 1), 'to': (3, 1)},
 {'from': (3, 1), 'to': (3, 2)},
 {'from': (3, 2), 'to': (3, 3)},
 {'from': (3, 2), 'to': (4, 2)},
 {'from': (3, 3), 'to': (3, 4)},
 {'from': (4, 2), 'to': (5, 2)},
 {'from': (3, 4), 'to': (2, 4)},
 {'from': (3, 4), 'to': (4, 4)},
 {'from': (5, 2), 'to': (5, 1)},
 {'from': (2, 4), 'to': (2, 5)},
 {'from': (4, 4), 'to': (5, 4)},
 {'from': (5, 1), 'to': (6, 1)},
 {'from': (2, 5), 'to': (2, 6)},
 {'from': (5, 4), 'to': (5, 5)},
 {'from': (5, 4), 'to': (6, 4)},
 {'from': (2, 6), 'to': (1, 6)},
 {'from': (2, 6), 'to': (2, 7)},
 {'from': (5, 5), 'to': (5, 6)},
 {'from': (6, 4), 'to': (6, 3)},
 {'from': (5, 6), 'to': (4, 6)},
 {'from': (5, 6), 'to': (6, 6)},
 {'from': (4, 6), 'to': (4, 7)}]
