# Hi-lock: (("=\\([0-9]\\{4\\}\\)/" (1 (quote gray-4-my-face) prepend)))
# Hi-lock: (("右手の壁沿いに直進のまま" (0 (quote 9-my-face) prepend)))
# Hi-lock: (("右手が壁から離れる --> 右手側に折れる" (0 (quote 8-my-face) prepend)))
# Hi-lock: (("trial_count" (0 (quote 11-my-face) prepend)))
# Hi-lock: (("進んでみた値" (0 (quote 7-my-face) prepend)))
# Hi-lock: (("進んでみる座標" (0 (quote 6-my-face) prepend)))
# Hi-lock: (("進んでみる方向" (0 (quote 5-my-face) prepend)))
# Hi-lock: (("右手側の値" (0 (quote 4-my-face) prepend)))
# Hi-lock: (("右手側の位置" (0 (quote 3-my-face) prepend)))
# Hi-lock: (("検証方向" (0 (quote 2-my-face) prepend)))
# Hi-lock: (("現在位置" (0 (quote 1-my-face) prepend)))
<<<<<<<<<<<<<<<< ログはここから
trial_count=0001/1. 現在位置(x=1, y=1), 検証方向(左: 0, -1), 右手側の位置(right_x=1, right_y=0), 右手側の値right_value=9
trial_count=0001/2-B. 右手の壁沿いに直進のまま
trial_count=0001/3. 現在位置=(1, 1), 進んでみる方向(下, 1, 0), 進んでみる座標=(2, 1), 進んでみた値=0
trial_count=0001/4-B. 一歩進める to (2, 1)
trial_count=0002/1. 現在位置(x=2, y=1), 検証方向(左: 0, -1), 右手側の位置(right_x=2, right_y=0), 右手側の値right_value=9
trial_count=0002/2-B. 右手の壁沿いに直進のまま
trial_count=0002/3. 現在位置=(2, 1), 進んでみる方向(下, 1, 0), 進んでみる座標=(3, 1), 進んでみた値=0
trial_count=0002/4-B. 一歩進める to (3, 1)
trial_count=0003/1. 現在位置(x=3, y=1), 検証方向(左: 0, -1), 右手側の位置(right_x=3, right_y=0), 右手側の値right_value=9
trial_count=0003/2-B. 右手の壁沿いに直進のまま
trial_count=0003/3. 現在位置=(3, 1), 進んでみる方向(下, 1, 0), 進んでみる座標=(4, 1), 進んでみた値=9
trial_count=0003/4-A. 進もうとした先が壁 VALUE_WALL=9 だったので、左手側に折れるよう、次に進むべき方向だけ変える。
trial_count=0004/1. 現在位置(x=3, y=1), 検証方向(下: 1, 0), 右手側の位置(right_x=4, right_y=1), 右手側の値right_value=9
trial_count=0004/2-B. 右手の壁沿いに直進のまま
trial_count=0004/3. 現在位置=(3, 1), 進んでみる方向(右, 0, 1), 進んでみる座標=(3, 2), 進んでみた値=0
trial_count=0004/4-B. 一歩進める to (3, 2)
trial_count=0005/1. 現在位置(x=3, y=2), 検証方向(下: 1, 0), 右手側の位置(right_x=4, right_y=2), 右手側の値right_value=0
trial_count=0005/2-A. 右手が壁から離れる --> 右手側に折れる
trial_count=0005/3. 現在位置=(3, 2), 進んでみる方向(下, 1, 0), 進んでみる座標=(4, 2), 進んでみた値=0
trial_count=0005/4-B. 一歩進める to (4, 2)
trial_count=0006/1. 現在位置(x=4, y=2), 検証方向(左: 0, -1), 右手側の位置(right_x=4, right_y=1), 右手側の値right_value=9
trial_count=0006/2-B. 右手の壁沿いに直進のまま
trial_count=0006/3. 現在位置=(4, 2), 進んでみる方向(下, 1, 0), 進んでみる座標=(5, 2), 進んでみた値=0
trial_count=0006/4-B. 一歩進める to (5, 2)
trial_count=0007/1. 現在位置(x=5, y=2), 検証方向(左: 0, -1), 右手側の位置(right_x=5, right_y=1), 右手側の値right_value=0
trial_count=0007/2-A. 右手が壁から離れる --> 右手側に折れる
trial_count=0007/3. 現在位置=(5, 2), 進んでみる方向(左, 0, -1), 進んでみる座標=(5, 1), 進んでみた値=0
trial_count=0007/4-B. 一歩進める to (5, 1)
trial_count=0008/1. 現在位置(x=5, y=1), 検証方向(上: -1, 0), 右手側の位置(right_x=4, right_y=1), 右手側の値right_value=9
trial_count=0008/2-B. 右手の壁沿いに直進のまま
trial_count=0008/3. 現在位置=(5, 1), 進んでみる方向(左, 0, -1), 進んでみる座標=(5, 0), 進んでみた値=9
trial_count=0008/4-A. 進もうとした先が壁 VALUE_WALL=9 だったので、左手側に折れるよう、次に進むべき方向だけ変える。
trial_count=0009/1. 現在位置(x=5, y=1), 検証方向(左: 0, -1), 右手側の位置(right_x=5, right_y=0), 右手側の値right_value=9
trial_count=0009/2-B. 右手の壁沿いに直進のまま
trial_count=0009/3. 現在位置=(5, 1), 進んでみる方向(下, 1, 0), 進んでみる座標=(6, 1), 進んでみた値=0
trial_count=0009/4-B. 一歩進める to (6, 1)
trial_count=0010/1. 現在位置(x=6, y=1), 検証方向(左: 0, -1), 右手側の位置(right_x=6, right_y=0), 右手側の値right_value=9
trial_count=0010/2-B. 右手の壁沿いに直進のまま
trial_count=0010/3. 現在位置=(6, 1), 進んでみる方向(下, 1, 0), 進んでみる座標=(7, 1), 進んでみた値=9
trial_count=0010/4-A. 進もうとした先が壁 VALUE_WALL=9 だったので、左手側に折れるよう、次に進むべき方向だけ変える。
trial_count=0011/1. 現在位置(x=6, y=1), 検証方向(下: 1, 0), 右手側の位置(right_x=7, right_y=1), 右手側の値right_value=9
trial_count=0011/2-B. 右手の壁沿いに直進のまま
trial_count=0011/3. 現在位置=(6, 1), 進んでみる方向(右, 0, 1), 進んでみる座標=(6, 2), 進んでみた値=9
trial_count=0011/4-A. 進もうとした先が壁 VALUE_WALL=9 だったので、左手側に折れるよう、次に進むべき方向だけ変える。
trial_count=0012/1. 現在位置(x=6, y=1), 検証方向(右: 0, 1), 右手側の位置(right_x=6, right_y=2), 右手側の値right_value=9
trial_count=0012/2-B. 右手の壁沿いに直進のまま
trial_count=0012/3. 現在位置=(6, 1), 進んでみる方向(上, -1, 0), 進んでみる座標=(5, 1), 進んでみた値=0
trial_count=0012/4-B. 一歩進める to (5, 1)
trial_count=0013/1. 現在位置(x=5, y=1), 検証方向(右: 0, 1), 右手側の位置(right_x=5, right_y=2), 右手側の値right_value=0
trial_count=0013/2-A. 右手が壁から離れる --> 右手側に折れる
trial_count=0013/3. 現在位置=(5, 1), 進んでみる方向(右, 0, 1), 進んでみる座標=(5, 2), 進んでみた値=0
trial_count=0013/4-B. 一歩進める to (5, 2)
trial_count=0014/1. 現在位置(x=5, y=2), 検証方向(下: 1, 0), 右手側の位置(right_x=6, right_y=2), 右手側の値right_value=9
trial_count=0014/2-B. 右手の壁沿いに直進のまま
trial_count=0014/3. 現在位置=(5, 2), 進んでみる方向(右, 0, 1), 進んでみる座標=(5, 3), 進んでみた値=9
trial_count=0014/4-A. 進もうとした先が壁 VALUE_WALL=9 だったので、左手側に折れるよう、次に進むべき方向だけ変える。
trial_count=0015/1. 現在位置(x=5, y=2), 検証方向(右: 0, 1), 右手側の位置(right_x=5, right_y=3), 右手側の値right_value=9
trial_count=0015/2-B. 右手の壁沿いに直進のまま
trial_count=0015/3. 現在位置=(5, 2), 進んでみる方向(上, -1, 0), 進んでみる座標=(4, 2), 進んでみた値=0
trial_count=0015/4-B. 一歩進める to (4, 2)
trial_count=0016/1. 現在位置(x=4, y=2), 検証方向(右: 0, 1), 右手側の位置(right_x=4, right_y=3), 右手側の値right_value=9
trial_count=0016/2-B. 右手の壁沿いに直進のまま
trial_count=0016/3. 現在位置=(4, 2), 進んでみる方向(上, -1, 0), 進んでみる座標=(3, 2), 進んでみた値=0
trial_count=0016/4-B. 一歩進める to (3, 2)
trial_count=0017/1. 現在位置(x=3, y=2), 検証方向(右: 0, 1), 右手側の位置(right_x=3, right_y=3), 右手側の値right_value=0
trial_count=0017/2-A. 右手が壁から離れる --> 右手側に折れる
trial_count=0017/3. 現在位置=(3, 2), 進んでみる方向(右, 0, 1), 進んでみる座標=(3, 3), 進んでみた値=0
trial_count=0017/4-B. 一歩進める to (3, 3)
trial_count=0018/1. 現在位置(x=3, y=3), 検証方向(下: 1, 0), 右手側の位置(right_x=4, right_y=3), 右手側の値right_value=9
trial_count=0018/2-B. 右手の壁沿いに直進のまま
trial_count=0018/3. 現在位置=(3, 3), 進んでみる方向(右, 0, 1), 進んでみる座標=(3, 4), 進んでみた値=0
trial_count=0018/4-B. 一歩進める to (3, 4)
trial_count=0019/1. 現在位置(x=3, y=4), 検証方向(下: 1, 0), 右手側の位置(right_x=4, right_y=4), 右手側の値right_value=0
trial_count=0019/2-A. 右手が壁から離れる --> 右手側に折れる
trial_count=0019/3. 現在位置=(3, 4), 進んでみる方向(下, 1, 0), 進んでみる座標=(4, 4), 進んでみた値=0
trial_count=0019/4-B. 一歩進める to (4, 4)
trial_count=0020/1. 現在位置(x=4, y=4), 検証方向(左: 0, -1), 右手側の位置(right_x=4, right_y=3), 右手側の値right_value=9
trial_count=0020/2-B. 右手の壁沿いに直進のまま
trial_count=0020/3. 現在位置=(4, 4), 進んでみる方向(下, 1, 0), 進んでみる座標=(5, 4), 進んでみた値=0
trial_count=0020/4-B. 一歩進める to (5, 4)
trial_count=0021/1. 現在位置(x=5, y=4), 検証方向(左: 0, -1), 右手側の位置(right_x=5, right_y=3), 右手側の値right_value=9
trial_count=0021/2-B. 右手の壁沿いに直進のまま
trial_count=0021/3. 現在位置=(5, 4), 進んでみる方向(下, 1, 0), 進んでみる座標=(6, 4), 進んでみた値=0
trial_count=0021/4-B. 一歩進める to (6, 4)
trial_count=0022/1. 現在位置(x=6, y=4), 検証方向(左: 0, -1), 右手側の位置(right_x=6, right_y=3), 右手側の値right_value=0
trial_count=0022/2-A. 右手が壁から離れる --> 右手側に折れる
trial_count=0022/3. 現在位置=(6, 4), 進んでみる方向(左, 0, -1), 進んでみる座標=(6, 3), 進んでみた値=0
trial_count=0022/4-B. 一歩進める to (6, 3)
trial_count=0023/1. 現在位置(x=6, y=3), 検証方向(上: -1, 0), 右手側の位置(right_x=5, right_y=3), 右手側の値right_value=9
trial_count=0023/2-B. 右手の壁沿いに直進のまま
trial_count=0023/3. 現在位置=(6, 3), 進んでみる方向(左, 0, -1), 進んでみる座標=(6, 2), 進んでみた値=9
trial_count=0023/4-A. 進もうとした先が壁 VALUE_WALL=9 だったので、左手側に折れるよう、次に進むべき方向だけ変える。
trial_count=0024/1. 現在位置(x=6, y=3), 検証方向(左: 0, -1), 右手側の位置(right_x=6, right_y=2), 右手側の値right_value=9
trial_count=0024/2-B. 右手の壁沿いに直進のまま
trial_count=0024/3. 現在位置=(6, 3), 進んでみる方向(下, 1, 0), 進んでみる座標=(7, 3), 進んでみた値=9
trial_count=0024/4-A. 進もうとした先が壁 VALUE_WALL=9 だったので、左手側に折れるよう、次に進むべき方向だけ変える。
trial_count=0025/1. 現在位置(x=6, y=3), 検証方向(下: 1, 0), 右手側の位置(right_x=7, right_y=3), 右手側の値right_value=9
trial_count=0025/2-B. 右手の壁沿いに直進のまま
trial_count=0025/3. 現在位置=(6, 3), 進んでみる方向(右, 0, 1), 進んでみる座標=(6, 4), 進んでみた値=0
trial_count=0025/4-B. 一歩進める to (6, 4)
trial_count=0026/1. 現在位置(x=6, y=4), 検証方向(下: 1, 0), 右手側の位置(right_x=7, right_y=4), 右手側の値right_value=9
trial_count=0026/2-B. 右手の壁沿いに直進のまま
trial_count=0026/3. 現在位置=(6, 4), 進んでみる方向(右, 0, 1), 進んでみる座標=(6, 5), 進んでみた値=9
trial_count=0026/4-A. 進もうとした先が壁 VALUE_WALL=9 だったので、左手側に折れるよう、次に進むべき方向だけ変える。
trial_count=0027/1. 現在位置(x=6, y=4), 検証方向(右: 0, 1), 右手側の位置(right_x=6, right_y=5), 右手側の値right_value=9
trial_count=0027/2-B. 右手の壁沿いに直進のまま
trial_count=0027/3. 現在位置=(6, 4), 進んでみる方向(上, -1, 0), 進んでみる座標=(5, 4), 進んでみた値=0
trial_count=0027/4-B. 一歩進める to (5, 4)
trial_count=0028/1. 現在位置(x=5, y=4), 検証方向(右: 0, 1), 右手側の位置(right_x=5, right_y=5), 右手側の値right_value=0
trial_count=0028/2-A. 右手が壁から離れる --> 右手側に折れる
trial_count=0028/3. 現在位置=(5, 4), 進んでみる方向(右, 0, 1), 進んでみる座標=(5, 5), 進んでみた値=0
trial_count=0028/4-B. 一歩進める to (5, 5)
trial_count=0029/1. 現在位置(x=5, y=5), 検証方向(下: 1, 0), 右手側の位置(right_x=6, right_y=5), 右手側の値right_value=9
trial_count=0029/2-B. 右手の壁沿いに直進のまま
trial_count=0029/3. 現在位置=(5, 5), 進んでみる方向(右, 0, 1), 進んでみる座標=(5, 6), 進んでみた値=0
trial_count=0029/4-B. 一歩進める to (5, 6)
trial_count=0030/1. 現在位置(x=5, y=6), 検証方向(下: 1, 0), 右手側の位置(right_x=6, right_y=6), 右手側の値right_value=0
trial_count=0030/2-A. 右手が壁から離れる --> 右手側に折れる
trial_count=0030/3. 現在位置=(5, 6), 進んでみる方向(下, 1, 0), 進んでみる座標=(6, 6), 進んでみた値=0
trial_count=0030/4-B. 一歩進める to (6, 6)
trial_count=0031/1. 現在位置(x=6, y=6), 検証方向(左: 0, -1), 右手側の位置(right_x=6, right_y=5), 右手側の値right_value=9
trial_count=0031/2-B. 右手の壁沿いに直進のまま
trial_count=0031/3. 現在位置=(6, 6), 進んでみる方向(下, 1, 0), 進んでみる座標=(7, 6), 進んでみた値=9
trial_count=0031/4-A. 進もうとした先が壁 VALUE_WALL=9 だったので、左手側に折れるよう、次に進むべき方向だけ変える。
trial_count=0032/1. 現在位置(x=6, y=6), 検証方向(下: 1, 0), 右手側の位置(right_x=7, right_y=6), 右手側の値right_value=9
trial_count=0032/2-B. 右手の壁沿いに直進のまま
trial_count=0032/3. 現在位置=(6, 6), 進んでみる方向(右, 0, 1), 進んでみる座標=(6, 7), 進んでみた値=0
trial_count=0032/4-B. 一歩進める to (6, 7)
trial_count=0033/1. 現在位置(x=6, y=7), 検証方向(下: 1, 0), 右手側の位置(right_x=7, right_y=7), 右手側の値right_value=9
trial_count=0033/2-B. 右手の壁沿いに直進のまま
trial_count=0033/3. 現在位置=(6, 7), 進んでみる方向(右, 0, 1), 進んでみる座標=(6, 8), 進んでみた値=9
trial_count=0033/4-A. 進もうとした先が壁 VALUE_WALL=9 だったので、左手側に折れるよう、次に進むべき方向だけ変える。
trial_count=0034/1. 現在位置(x=6, y=7), 検証方向(右: 0, 1), 右手側の位置(right_x=6, right_y=8), 右手側の値right_value=9
trial_count=0034/2-B. 右手の壁沿いに直進のまま
trial_count=0034/3. 現在位置=(6, 7), 進んでみる方向(上, -1, 0), 進んでみる座標=(5, 7), 進んでみた値=9
trial_count=0034/4-A. 進もうとした先が壁 VALUE_WALL=9 だったので、左手側に折れるよう、次に進むべき方向だけ変える。
trial_count=0035/1. 現在位置(x=6, y=7), 検証方向(上: -1, 0), 右手側の位置(right_x=5, right_y=7), 右手側の値right_value=9
trial_count=0035/2-B. 右手の壁沿いに直進のまま
trial_count=0035/3. 現在位置=(6, 7), 進んでみる方向(左, 0, -1), 進んでみる座標=(6, 6), 進んでみた値=0
trial_count=0035/4-B. 一歩進める to (6, 6)
trial_count=0036/1. 現在位置(x=6, y=6), 検証方向(上: -1, 0), 右手側の位置(right_x=5, right_y=6), 右手側の値right_value=0
trial_count=0036/2-A. 右手が壁から離れる --> 右手側に折れる
trial_count=0036/3. 現在位置=(6, 6), 進んでみる方向(上, -1, 0), 進んでみる座標=(5, 6), 進んでみた値=0
trial_count=0036/4-B. 一歩進める to (5, 6)
trial_count=0037/1. 現在位置(x=5, y=6), 検証方向(右: 0, 1), 右手側の位置(right_x=5, right_y=7), 右手側の値right_value=9
trial_count=0037/2-B. 右手の壁沿いに直進のまま
trial_count=0037/3. 現在位置=(5, 6), 進んでみる方向(上, -1, 0), 進んでみる座標=(4, 6), 進んでみた値=0
trial_count=0037/4-B. 一歩進める to (4, 6)
trial_count=0038/1. 現在位置(x=4, y=6), 検証方向(右: 0, 1), 右手側の位置(right_x=4, right_y=7), 右手側の値right_value=2
trial_count=0038/2-A. 右手が壁から離れる --> 右手側に折れる
trial_count=0038/3. 現在位置=(4, 6), 進んでみる方向(右, 0, 1), 進んでみる座標=(4, 7), 進んでみた値=2
trial_count=0038/4. !!!!!!!!!!!!!!!! yahoo !!!!!!!!!!!!!!!!
38
[(1, 1), (2, 1), (3, 1), (3, 2), (4, 2), (5, 2), (5, 1), (6, 1), (5, 1), (5, 2), (4, 2), (3, 2), (3, 3), (3, 4), (4, 4), (5, 4), (6, 4), (6, 3), (6, 4), (5, 4), (5, 5), (5, 6), (6, 6), (6, 7), (6, 6), (5, 6), (4, 6), (4, 7)]
>>>>>>>>>>>>>>>> ログはここまで
